{"uuid":"d2f5c9ec-30c3-492d-9098-40375ba96258","historyId":"b07d876a1588fa2c17746618e93a9174","fullName":"com.thetestingacademy.ex_01_18122024.Selenium03.test_Selenium","labels":[{"name":"package","value":"com.thetestingacademy.ex_01_18122024.Selenium03"},{"name":"testClass","value":"com.thetestingacademy.ex_01_18122024.Selenium03"},{"name":"testMethod","value":"test_Selenium"},{"name":"parentSuite","value":"Default Suite"},{"name":"suite","value":"LearningSeleniumATB8x"},{"name":"subSuite","value":"com.thetestingacademy.ex_01_18122024.Selenium03"},{"name":"host","value":"DESKTOP-LVB1HU8"},{"name":"thread","value":"12456@DESKTOP-LVB1HU8.main(1)"},{"name":"framework","value":"testng"},{"name":"language","value":"java"}],"links":[],"name":"test_Selenium","status":"broken","statusDetails":{"known":false,"muted":false,"flaky":false,"message":"Unable to obtain: msedgedriver, error Command failed with code: 65, executed: [--browser, MicrosoftEdge, --language-binding, java, --output, json]\nerror sending request for url (https://msedgedriver.azureedge.net/LATEST_RELEASE_131_WINDOWS)\nBuild info: version: '4.27.0', revision: 'd6e718d134'\nSystem info: os.name: 'Windows 11', os.arch: 'amd64', os.version: '10.0', java.version: '23'\nDriver info: driver.version: EdgeDriver","trace":"org.openqa.selenium.remote.NoSuchDriverException: Unable to obtain: msedgedriver, error Command failed with code: 65, executed: [--browser, MicrosoftEdge, --language-binding, java, --output, json]\nerror sending request for url (https://msedgedriver.azureedge.net/LATEST_RELEASE_131_WINDOWS)\nBuild info: version: '4.27.0', revision: 'd6e718d134'\nSystem info: os.name: 'Windows 11', os.arch: 'amd64', os.version: '10.0', java.version: '23'\nDriver info: driver.version: EdgeDriver\r\n\tat org.openqa.selenium.remote.service.DriverFinder.getBinaryPaths(DriverFinder.java:121)\r\n\tat org.openqa.selenium.remote.service.DriverFinder.getDriverPath(DriverFinder.java:55)\r\n\tat org.openqa.selenium.edge.EdgeDriver.generateExecutor(EdgeDriver.java:71)\r\n\tat org.openqa.selenium.edge.EdgeDriver.<init>(EdgeDriver.java:60)\r\n\tat org.openqa.selenium.edge.EdgeDriver.<init>(EdgeDriver.java:56)\r\n\tat org.openqa.selenium.edge.EdgeDriver.<init>(EdgeDriver.java:48)\r\n\tat org.openqa.selenium.edge.EdgeDriver.<init>(EdgeDriver.java:44)\r\n\tat com.thetestingacademy.ex_01_18122024.Selenium03.test_Selenium(Selenium03.java:15)\r\n\tat java.base/jdk.internal.reflect.DirectMethodHandleAccessor.invoke(DirectMethodHandleAccessor.java:103)\r\n\tat java.base/java.lang.reflect.Method.invoke(Method.java:580)\r\n\tat org.testng.internal.invokers.MethodInvocationHelper.invokeMethod(MethodInvocationHelper.java:141)\r\n\tat org.testng.internal.invokers.TestInvoker.invokeMethod(TestInvoker.java:686)\r\n\tat org.testng.internal.invokers.TestInvoker.invokeTestMethod(TestInvoker.java:230)\r\n\tat org.testng.internal.invokers.MethodRunner.runInSequence(MethodRunner.java:63)\r\n\tat org.testng.internal.invokers.TestInvoker$MethodInvocationAgent.invoke(TestInvoker.java:992)\r\n\tat org.testng.internal.invokers.TestInvoker.invokeTestMethods(TestInvoker.java:203)\r\n\tat org.testng.internal.invokers.TestMethodWorker.invokeTestMethods(TestMethodWorker.java:154)\r\n\tat org.testng.internal.invokers.TestMethodWorker.run(TestMethodWorker.java:134)\r\n\tat java.base/java.util.ArrayList.forEach(ArrayList.java:1597)\r\n\tat org.testng.TestRunner.privateRun(TestRunner.java:739)\r\n\tat org.testng.TestRunner.run(TestRunner.java:614)\r\n\tat org.testng.SuiteRunner.runTest(SuiteRunner.java:421)\r\n\tat org.testng.SuiteRunner.runSequentially(SuiteRunner.java:413)\r\n\tat org.testng.SuiteRunner.privateRun(SuiteRunner.java:373)\r\n\tat org.testng.SuiteRunner.run(SuiteRunner.java:312)\r\n\tat org.testng.SuiteRunnerWorker.runSuite(SuiteRunnerWorker.java:52)\r\n\tat org.testng.SuiteRunnerWorker.run(SuiteRunnerWorker.java:95)\r\n\tat org.testng.TestNG.runSuitesSequentially(TestNG.java:1274)\r\n\tat org.testng.TestNG.runSuitesLocally(TestNG.java:1208)\r\n\tat org.testng.TestNG.runSuites(TestNG.java:1112)\r\n\tat org.testng.TestNG.run(TestNG.java:1079)\r\n\tat com.intellij.rt.testng.IDEARemoteTestNG.run(IDEARemoteTestNG.java:65)\r\n\tat com.intellij.rt.testng.RemoteTestNGStarter.main(RemoteTestNGStarter.java:105)\r\nCaused by: org.openqa.selenium.WebDriverException: Command failed with code: 65, executed: [--browser, MicrosoftEdge, --language-binding, java, --output, json]\nerror sending request for url (https://msedgedriver.azureedge.net/LATEST_RELEASE_131_WINDOWS)\nBuild info: version: '4.27.0', revision: 'd6e718d134'\nSystem info: os.name: 'Windows 11', os.arch: 'amd64', os.version: '10.0', java.version: '23'\nDriver info: driver.version: EdgeDriver\r\n\tat org.openqa.selenium.manager.SeleniumManager.runCommand(SeleniumManager.java:170)\r\n\tat org.openqa.selenium.manager.SeleniumManager.getBinaryPaths(SeleniumManager.java:251)\r\n\tat org.openqa.selenium.remote.service.DriverFinder.getBinaryPaths(DriverFinder.java:102)\r\n\t... 32 more\r\n"},"stage":"finished","steps":[],"attachments":[],"parameters":[],"start":1736052121169,"stop":1736052121602}